# JRE version: OpenJDK Runtime Environment Temurin-21.0.9+10 (21.0.9+10) (build 21.0.9+10-LTS)
# Java VM: OpenJDK 64-Bit Server VM Temurin-21.0.9+10 (21.0.9+10-LTS, mixed mode, sharing, tiered, compressed oops, compressed class ptrs, parallel gc, windows-amd64)
GC Precious Log:
 CardTable entry size: 512
 CPUs: 8 total, 8 available
 Memory: 32643M
 Large Page Support: Disabled
 NUMA Support: Disabled
 Compressed Oops: Enabled (32-bit)
 Alignments: Space 512K, Generation 512K, Heap 2M
 Heap Min Capacity: 100M
 Heap Initial Capacity: 100M
 Heap Max Capacity: 2G
 Pre-touch: Disabled
 Parallel Workers: 8
Heap:
 PSYoungGen      total 2560K, used 1566K [0x00000000d5580000, 0x00000000d5a80000, 0x0000000100000000)
  eden space 1536K, 79% used [0x00000000d5580000,0x00000000d56afa88,0x00000000d5700000)
  from space 1024K, 34% used [0x00000000d5880000,0x00000000d58d8000,0x00000000d5980000)
  to   space 512K, 0% used [0x00000000d5a00000,0x00000000d5a00000,0x00000000d5a80000)
 ParOldGen       total 1263104K, used 328602K [0x0000000080000000, 0x00000000cd180000, 0x00000000d5580000)
  object space 1263104K, 26% used [0x0000000080000000,0x00000000940e6ac0,0x00000000cd180000)
 Metaspace       used 84713K, committed 86848K, reserved 1179648K
  class space    used 8550K, committed 9472K, reserved 1048576K
GC Heap History (20 events):
Event: 79860.842 GC heap before
{Heap before GC invocations=1266 (full 5):
 PSYoungGen      total 1536K, used 1120K [0x00000000d5580000, 0x00000000d6080000, 0x0000000100000000)
  eden space 512K, 100% used [0x00000000d5580000,0x00000000d5600000,0x00000000d5600000)
  from space 1024K, 59% used [0x00000000d5600000,0x00000000d5698000,0x00000000d5700000)
  to   space 4096K, 0% used [0x00000000d5c80000,0x00000000d5c80000,0x00000000d6080000)
 ParOldGen       total 1263104K, used 321351K [0x0000000080000000, 0x00000000cd180000, 0x00000000d5580000)
  object space 1263104K, 25% used [0x0000000080000000,0x00000000939d1f88,0x00000000cd180000)
 Metaspace       used 84694K, committed 86784K, reserved 1179648K
  class space    used 8550K, committed 9472K, reserved 1048576K
}
Event: 79860.846 GC heap after
{Heap after GC invocations=1266 (full 5):
 PSYoungGen      total 2048K, used 608K [0x00000000d5580000, 0x00000000d5d80000, 0x0000000100000000)
  eden space 1024K, 0% used [0x00000000d5580000,0x00000000d5580000,0x00000000d5680000)
  from space 1024K, 59% used [0x00000000d5c80000,0x00000000d5d18000,0x00000000d5d80000)
  to   space 1536K, 0% used [0x00000000d5a80000,0x00000000d5a80000,0x00000000d5c00000)
 ParOldGen       total 1263104K, used 321871K [0x0000000080000000, 0x00000000cd180000, 0x00000000d5580000)
  object space 1263104K, 25% used [0x0000000080000000,0x0000000093a53f88,0x00000000cd180000)
 Metaspace       used 84694K, committed 86784K, reserved 1179648K
  class space    used 8550K, committed 9472K, reserved 1048576K
}
Event: 79860.859 GC heap before
{Heap before GC invocations=1267 (full 5):
 PSYoungGen      total 2048K, used 1631K [0x00000000d5580000, 0x00000000d5d80000, 0x0000000100000000)
  eden space 1024K, 99% used [0x00000000d5580000,0x00000000d567fff8,0x00000000d5680000)
  from space 1024K, 59% used [0x00000000d5c80000,0x00000000d5d18000,0x00000000d5d80000)
  to   space 1536K, 0% used [0x00000000d5a80000,0x00000000d5a80000,0x00000000d5c00000)
 ParOldGen       total 1263104K, used 321871K [0x0000000080000000, 0x00000000cd180000, 0x00000000d5580000)
  object space 1263104K, 25% used [0x0000000080000000,0x0000000093a53f88,0x00000000cd180000)
 Metaspace       used 84694K, committed 86784K, reserved 1179648K
  class space    used 8550K, committed 9472K, reserved 1048576K
}
Event: 79860.862 GC heap after
{Heap after GC invocations=1267 (full 5):
 PSYoungGen      total 3072K, used 1152K [0x00000000d5580000, 0x00000000d5d00000, 0x0000000100000000)
  eden space 1536K, 0% used [0x00000000d5580000,0x00000000d5580000,0x00000000d5700000)
  from space 1536K, 75% used [0x00000000d5a80000,0x00000000d5ba0000,0x00000000d5c00000)
  to   space 1024K, 0% used [0x00000000d5c00000,0x00000000d5c00000,0x00000000d5d00000)
 ParOldGen       total 1263104K, used 322383K [0x0000000080000000, 0x00000000cd180000, 0x00000000d5580000)
  object space 1263104K, 25% used [0x0000000080000000,0x0000000093ad3f88,0x00000000cd180000)
 Metaspace       used 84694K, committed 86784K, reserved 1179648K
  class space    used 8550K, committed 9472K, reserved 1048576K
}
Event: 79861.045 GC heap before
{Heap before GC invocations=1268 (full 5):
 PSYoungGen      total 3072K, used 2610K [0x00000000d5580000, 0x00000000d5d00000, 0x0000000100000000)
  eden space 1536K, 94% used [0x00000000d5580000,0x00000000d56eca18,0x00000000d5700000)
  from space 1536K, 75% used [0x00000000d5a80000,0x00000000d5ba0000,0x00000000d5c00000)
  to   space 1024K, 0% used [0x00000000d5c00000,0x00000000d5c00000,0x00000000d5d00000)
 ParOldGen       total 1263104K, used 322383K [0x0000000080000000, 0x00000000cd180000, 0x00000000d5580000)
  object space 1263104K, 25% used [0x0000000080000000,0x0000000093ad3f88,0x00000000cd180000)
 Metaspace       used 84694K, committed 86784K, reserved 1179648K
  class space    used 8550K, committed 9472K, reserved 1048576K
}
Event: 79861.051 GC heap after
{Heap after GC invocations=1268 (full 5):
 PSYoungGen      total 2560K, used 1004K [0x00000000d5580000, 0x00000000d5d00000, 0x0000000100000000)
  eden space 1536K, 0% used [0x00000000d5580000,0x00000000d5580000,0x00000000d5700000)
  from space 1024K, 98% used [0x00000000d5c00000,0x00000000d5cfb000,0x00000000d5d00000)
  to   space 2560K, 0% used [0x00000000d5800000,0x00000000d5800000,0x00000000d5a80000)
 ParOldGen       total 1263104K, used 323703K [0x0000000080000000, 0x00000000cd180000, 0x00000000d5580000)
  object space 1263104K, 25% used [0x0000000080000000,0x0000000093c1df88,0x00000000cd180000)
 Metaspace       used 84694K, committed 86784K, reserved 1179648K
  class space    used 8550K, committed 9472K, reserved 1048576K
}
Event: 79861.096 GC heap before
{Heap before GC invocations=1269 (full 5):
 PSYoungGen      total 2560K, used 2540K [0x00000000d5580000, 0x00000000d5d00000, 0x0000000100000000)
  eden space 1536K, 100% used [0x00000000d5580000,0x00000000d5700000,0x00000000d5700000)
  from space 1024K, 98% used [0x00000000d5c00000,0x00000000d5cfb000,0x00000000d5d00000)
  to   space 2560K, 0% used [0x00000000d5800000,0x00000000d5800000,0x00000000d5a80000)
 ParOldGen       total 1263104K, used 323703K [0x0000000080000000, 0x00000000cd180000, 0x00000000d5580000)
  object space 1263104K, 25% used [0x0000000080000000,0x0000000093c1df88,0x00000000cd180000)
 Metaspace       used 84694K, committed 86784K, reserved 1179648K
  class space    used 8550K, committed 9472K, reserved 1048576K
}
Event: 79861.102 GC heap after
{Heap after GC invocations=1269 (full 5):
 PSYoungGen      total 4096K, used 1432K [0x00000000d5580000, 0x00000000d5c80000, 0x0000000100000000)
  eden space 1536K, 0% used [0x00000000d5580000,0x00000000d5580000,0x00000000d5700000)
  from space 2560K, 55% used [0x00000000d5800000,0x00000000d5966000,0x00000000d5a80000)
  to   space 2048K, 0% used [0x00000000d5a80000,0x00000000d5a80000,0x00000000d5c80000)
 ParOldGen       total 1263104K, used 324359K [0x0000000080000000, 0x00000000cd180000, 0x00000000d5580000)
  object space 1263104K, 25% used [0x0000000080000000,0x0000000093cc1f88,0x00000000cd180000)
 Metaspace       used 84694K, committed 86784K, reserved 1179648K
  class space    used 8550K, committed 9472K, reserved 1048576K
}
Event: 79861.346 GC heap before
{Heap before GC invocations=1270 (full 5):
 PSYoungGen      total 4096K, used 2967K [0x00000000d5580000, 0x00000000d5c80000, 0x0000000100000000)
  eden space 1536K, 99% used [0x00000000d5580000,0x00000000d56fffe8,0x00000000d5700000)
  from space 2560K, 55% used [0x00000000d5800000,0x00000000d5966000,0x00000000d5a80000)
  to   space 2048K, 0% used [0x00000000d5a80000,0x00000000d5a80000,0x00000000d5c80000)
 ParOldGen       total 1263104K, used 324359K [0x0000000080000000, 0x00000000cd180000, 0x00000000d5580000)
  object space 1263104K, 25% used [0x0000000080000000,0x0000000093cc1f88,0x00000000cd180000)
 Metaspace       used 84694K, committed 86784K, reserved 1179648K
  class space    used 8550K, committed 9472K, reserved 1048576K
}
Event: 79861.353 GC heap after
{Heap after GC invocations=1270 (full 5):
 PSYoungGen      total 2560K, used 864K [0x00000000d5580000, 0x00000000d5b80000, 0x0000000100000000)
  eden space 1536K, 0% used [0x00000000d5580000,0x00000000d5580000,0x00000000d5700000)
  from space 1024K, 84% used [0x00000000d5a80000,0x00000000d5b58000,0x00000000d5b80000)
  to   space 1536K, 0% used [0x00000000d5880000,0x00000000d5880000,0x00000000d5a00000)
 ParOldGen       total 1263104K, used 325751K [0x0000000080000000, 0x00000000cd180000, 0x00000000d5580000)
  object space 1263104K, 25% used [0x0000000080000000,0x0000000093e1df88,0x00000000cd180000)
 Metaspace       used 84694K, committed 86784K, reserved 1179648K
  class space    used 8550K, committed 9472K, reserved 1048576K
}
Event: 79861.396 GC heap before
{Heap before GC invocations=1271 (full 5):
 PSYoungGen      total 2560K, used 2400K [0x00000000d5580000, 0x00000000d5b80000, 0x0000000100000000)
  eden space 1536K, 100% used [0x00000000d5580000,0x00000000d5700000,0x00000000d5700000)
  from space 1024K, 84% used [0x00000000d5a80000,0x00000000d5b58000,0x00000000d5b80000)
  to   space 1536K, 0% used [0x00000000d5880000,0x00000000d5880000,0x00000000d5a00000)
 ParOldGen       total 1263104K, used 325751K [0x0000000080000000, 0x00000000cd180000, 0x00000000d5580000)
  object space 1263104K, 25% used [0x0000000080000000,0x0000000093e1df88,0x00000000cd180000)
 Metaspace       used 84701K, committed 86784K, reserved 1179648K
  class space    used 8550K, committed 9472K, reserved 1048576K
}
Event: 79861.400 GC heap after
{Heap after GC invocations=1271 (full 5):
 PSYoungGen      total 3072K, used 598K [0x00000000d5580000, 0x00000000d5b00000, 0x0000000100000000)
  eden space 1536K, 0% used [0x00000000d5580000,0x00000000d5580000,0x00000000d5700000)
  from space 1536K, 38% used [0x00000000d5880000,0x00000000d5915b30,0x00000000d5a00000)
  to   space 1024K, 0% used [0x00000000d5a00000,0x00000000d5a00000,0x00000000d5b00000)
 ParOldGen       total 1263104K, used 326559K [0x0000000080000000, 0x00000000cd180000, 0x00000000d5580000)
  object space 1263104K, 25% used [0x0000000080000000,0x0000000093ee7f98,0x00000000cd180000)
 Metaspace       used 84701K, committed 86784K, reserved 1179648K
  class space    used 8550K, committed 9472K, reserved 1048576K
}
Event: 79861.413 GC heap before
{Heap before GC invocations=1272 (full 5):
 PSYoungGen      total 3072K, used 2134K [0x00000000d5580000, 0x00000000d5b00000, 0x0000000100000000)
  eden space 1536K, 100% used [0x00000000d5580000,0x00000000d5700000,0x00000000d5700000)
  from space 1536K, 38% used [0x00000000d5880000,0x00000000d5915b30,0x00000000d5a00000)
  to   space 1024K, 0% used [0x00000000d5a00000,0x00000000d5a00000,0x00000000d5b00000)
 ParOldGen       total 1263104K, used 326559K [0x0000000080000000, 0x00000000cd180000, 0x00000000d5580000)
  object space 1263104K, 25% used [0x0000000080000000,0x0000000093ee7f98,0x00000000cd180000)
 Metaspace       used 84701K, committed 86784K, reserved 1179648K
  class space    used 8550K, committed 9472K, reserved 1048576K
}
Event: 79861.418 GC heap after
{Heap after GC invocations=1272 (full 5):
 PSYoungGen      total 2560K, used 672K [0x00000000d5580000, 0x00000000d5b00000, 0x0000000100000000)
  eden space 1536K, 0% used [0x00000000d5580000,0x00000000d5580000,0x00000000d5700000)
  from space 1024K, 65% used [0x00000000d5a00000,0x00000000d5aa8000,0x00000000d5b00000)
  to   space 1024K, 0% used [0x00000000d5900000,0x00000000d5900000,0x00000000d5a00000)
 ParOldGen       total 1263104K, used 327115K [0x0000000080000000, 0x00000000cd180000, 0x00000000d5580000)
  object space 1263104K, 25% used [0x0000000080000000,0x0000000093f72ed0,0x00000000cd180000)
 Metaspace       used 84701K, committed 86784K, reserved 1179648K
  class space    used 8550K, committed 9472K, reserved 1048576K
}
Event: 79861.430 GC heap before
{Heap before GC invocations=1273 (full 5):
 PSYoungGen      total 2560K, used 2208K [0x00000000d5580000, 0x00000000d5b00000, 0x0000000100000000)
  eden space 1536K, 100% used [0x00000000d5580000,0x00000000d5700000,0x00000000d5700000)
  from space 1024K, 65% used [0x00000000d5a00000,0x00000000d5aa8000,0x00000000d5b00000)
  to   space 1024K, 0% used [0x00000000d5900000,0x00000000d5900000,0x00000000d5a00000)
 ParOldGen       total 1263104K, used 327115K [0x0000000080000000, 0x00000000cd180000, 0x00000000d5580000)
  object space 1263104K, 25% used [0x0000000080000000,0x0000000093f72ed0,0x00000000cd180000)
 Metaspace       used 84701K, committed 86784K, reserved 1179648K
  class space    used 8550K, committed 9472K, reserved 1048576K
}
Event: 79861.435 GC heap after
{Heap after GC invocations=1273 (full 5):
 PSYoungGen      total 2560K, used 640K [0x00000000d5580000, 0x00000000d5a80000, 0x0000000100000000)
  eden space 1536K, 0% used [0x00000000d5580000,0x00000000d5580000,0x00000000d5700000)
  from space 1024K, 62% used [0x00000000d5900000,0x00000000d59a0000,0x00000000d5a00000)
  to   space 512K, 0% used [0x00000000d5a00000,0x00000000d5a00000,0x00000000d5a80000)
 ParOldGen       total 1263104K, used 327768K [0x0000000080000000, 0x00000000cd180000, 0x00000000d5580000)
  object space 1263104K, 25% used [0x0000000080000000,0x0000000094016030,0x00000000cd180000)
 Metaspace       used 84701K, committed 86784K, reserved 1179648K
  class space    used 8550K, committed 9472K, reserved 1048576K
}
Event: 79861.478 GC heap before
{Heap before GC invocations=1274 (full 5):
 PSYoungGen      total 2560K, used 2176K [0x00000000d5580000, 0x00000000d5a80000, 0x0000000100000000)
  eden space 1536K, 100% used [0x00000000d5580000,0x00000000d5700000,0x00000000d5700000)
  from space 1024K, 62% used [0x00000000d5900000,0x00000000d59a0000,0x00000000d5a00000)
  to   space 512K, 0% used [0x00000000d5a00000,0x00000000d5a00000,0x00000000d5a80000)
 ParOldGen       total 1263104K, used 327768K [0x0000000080000000, 0x00000000cd180000, 0x00000000d5580000)
  object space 1263104K, 25% used [0x0000000080000000,0x0000000094016030,0x00000000cd180000)
 Metaspace       used 84701K, committed 86784K, reserved 1179648K
  class space    used 8550K, committed 9472K, reserved 1048576K
}
Event: 79861.482 GC heap after
{Heap after GC invocations=1274 (full 5):
 PSYoungGen      total 2048K, used 448K [0x00000000d5580000, 0x00000000d5a80000, 0x0000000100000000)
  eden space 1536K, 0% used [0x00000000d5580000,0x00000000d5580000,0x00000000d5700000)
  from space 512K, 87% used [0x00000000d5a00000,0x00000000d5a70000,0x00000000d5a80000)
  to   space 1024K, 0% used [0x00000000d5880000,0x00000000d5880000,0x00000000d5980000)
 ParOldGen       total 1263104K, used 328254K [0x0000000080000000, 0x00000000cd180000, 0x00000000d5580000)
  object space 1263104K, 25% used [0x0000000080000000,0x000000009408faa0,0x00000000cd180000)
 Metaspace       used 84701K, committed 86784K, reserved 1179648K
  class space    used 8550K, committed 9472K, reserved 1048576K
}
Event: 80159.538 GC heap before
{Heap before GC invocations=1275 (full 5):
 PSYoungGen      total 2048K, used 1984K [0x00000000d5580000, 0x00000000d5a80000, 0x0000000100000000)
  eden space 1536K, 100% used [0x00000000d5580000,0x00000000d5700000,0x00000000d5700000)
  from space 512K, 87% used [0x00000000d5a00000,0x00000000d5a70000,0x00000000d5a80000)
  to   space 1024K, 0% used [0x00000000d5880000,0x00000000d5880000,0x00000000d5980000)
 ParOldGen       total 1263104K, used 328254K [0x0000000080000000, 0x00000000cd180000, 0x00000000d5580000)
  object space 1263104K, 25% used [0x0000000080000000,0x000000009408faa0,0x00000000cd180000)
 Metaspace       used 84707K, committed 86784K, reserved 1179648K
  class space    used 8550K, committed 9472K, reserved 1048576K
}
Event: 80159.540 GC heap after
{Heap after GC invocations=1275 (full 5):
 PSYoungGen      total 2560K, used 352K [0x00000000d5580000, 0x00000000d5a80000, 0x0000000100000000)
  eden space 1536K, 0% used [0x00000000d5580000,0x00000000d5580000,0x00000000d5700000)
  from space 1024K, 34% used [0x00000000d5880000,0x00000000d58d8000,0x00000000d5980000)
  to   space 512K, 0% used [0x00000000d5a00000,0x00000000d5a00000,0x00000000d5a80000)
 ParOldGen       total 1263104K, used 328602K [0x0000000080000000, 0x00000000cd180000, 0x00000000d5580000)
  object space 1263104K, 26% used [0x0000000080000000,0x00000000940e6ac0,0x00000000cd180000)
 Metaspace       used 84707K, committed 86784K, reserved 1179648K
  class space    used 8550K, committed 9472K, reserved 1048576K
}

